[     438ms] [LOG] [Fast Refresh] rebuilding @ webpack-internal:///(app-pages-browser)/./node_modules/next/dist/client/components/react-dev-overlay/app/hot-reloader-client.js:186
[    1227ms] [LOG] [Fast Refresh] done in 789ms @ webpack-internal:///(app-pages-browser)/./node_modules/next/dist/client/components/react-dev-overlay/app/hot-reloader-client.js:43
[    2196ms] [INFO] %cDownload the React DevTools for a better development experience: https://reactjs.org/link/react-devtools font-weight:bold @ webpack-internal:///(app-pages-browser)/./node_modules/next/dist/compiled/react-dom/cjs/react-dom.development.js:38559
[   24788ms] [ERROR] Failed to load resource: net::ERR_CONNECTION_REFUSED @ http://localhost:3002/api/admin/latest-activity:0
[   24788ms] [WARNING] Failed to load latest admin activity TypeError: Failed to fetch
    at fetchLatestActivity (webpack-internal:///(app-pages-browser)/./components/layout/header-client.tsx:490:40) @ webpack-internal:///(app-pages-browser)/./components/layout/header-client.tsx:505
[   44784ms] [ERROR] Failed to load resource: net::ERR_CONNECTION_REFUSED @ http://localhost:3002/api/admin/latest-activity:0
[   44784ms] [WARNING] Failed to load latest admin activity TypeError: Failed to fetch
    at fetchLatestActivity (webpack-internal:///(app-pages-browser)/./components/layout/header-client.tsx:490:40) @ webpack-internal:///(app-pages-browser)/./components/layout/header-client.tsx:505
[   46244ms] [LOG] [Fast Refresh] rebuilding @ webpack-internal:///(app-pages-browser)/./node_modules/next/dist/client/components/react-dev-overlay/app/hot-reloader-client.js:186
[   46720ms] [ERROR] Failed to load resource: net::ERR_CONNECTION_REFUSED @ http://localhost:3002/reports?_rsc=16si2:0
[   46720ms] [ERROR] Failed to fetch RSC payload for http://localhost:3002/reports. Falling back to browser navigation. TypeError: Failed to fetch
    at fetchServerResponse (webpack-internal:///(app-pages-browser)/./node_modules/next/dist/client/components/router-reducer/fetch-server-response.js:59:27)
    at fastRefreshReducerImpl (webpack-internal:///(app-pages-browser)/./node_modules/next/dist/client/components/router-reducer/reducers/fast-refresh-reducer.js:33:67)
    at clientReducer (webpack-internal:///(app-pages-browser)/./node_modules/next/dist/client/components/router-reducer/router-reducer.js:41:67)
    at Object.action (webpack-internal:///(app-pages-browser)/./node_modules/next/dist/shared/lib/router/action-queue.js:150:55)
    at runAction (webpack-internal:///(app-pages-browser)/./node_modules/next/dist/shared/lib/router/action-queue.js:56:38)
    at dispatchAction (webpack-internal:///(app-pages-browser)/./node_modules/next/dist/shared/lib/router/action-queue.js:113:9)
    at Object.dispatch (webpack-internal:///(app-pages-browser)/./node_modules/next/dist/shared/lib/router/action-queue.js:145:40)
    at eval (webpack-internal:///(app-pages-browser)/./node_modules/next/dist/client/components/use-reducer-with-devtools.js:130:21)
    at eval (webpack-internal:///(app-pages-browser)/./node_modules/next/dist/client/components/app-router.js:304:25)
    at startTransition (webpack-internal:///(app-pages-browser)/./node_modules/next/dist/compiled/react/cjs/react.development.js:2597:25)
    at Object.fastRefresh (webpack-internal:///(app-pages-browser)/./node_modules/next/dist/client/components/app-router.js:303:48)
    at eval (webpack-internal:///(app-pages-browser)/./node_modules/next/dist/client/components/react-dev-overlay/app/hot-reloader-client.js:277:28)
    at startTransition (webpack-internal:///(app-pages-browser)/./node_modules/next/dist/compiled/react/cjs/react.development.js:2597:25)
    at processMessage (webpack-internal:///(app-pages-browser)/./node_modules/next/dist/client/components/react-dev-overlay/app/hot-reloader-client.js:276:44)
    at WebSocket.handler (webpack-internal:///(app-pages-browser)/./node_modules/next/dist/client/components/react-dev-overlay/app/hot-reloader-client.js:395:17) @ webpack-internal:///(app-pages-browser)/./node_modules/next/dist/client/app-index.js:32
[   46721ms] [ERROR] Failed to load resource: net::ERR_CONNECTION_REFUSED @ http://localhost:3002/_next/static/webpack/3ae3a6232c83e70a.webpack.hot-update.json:0
[   46721ms] [WARNING] [Fast Refresh] performing full reload

Fast Refresh will perform a full reload when you edit a file that's imported by modules outside of the React rendering tree.
You might have a file which exports a React component but also exports a value that is imported by a non-React component file.
Consider migrating the non-React component export to a separate file and importing it into both files.

It is also possible the parent component of the component you edited is a class component, which disables Fast Refresh.
Fast Refresh requires at least one parent function component in your React tree. @ webpack-internal:///(app-pages-browser)/./node_modules/next/dist/client/components/react-dev-overlay/app/hot-reloader-client.js:112
[  155864ms] [ERROR] Failed to load resource: the server responded with a status of 500 (Internal Server Error) @ http://localhost:3002/reports:0
[  156118ms] [INFO] %cDownload the React DevTools for a better development experience: https://reactjs.org/link/react-devtools font-weight:bold @ webpack-internal:///./node_modules/react-dom/cjs/react-dom.development.js:29889
[  156151ms] Error: Cannot find module './vendor-chunks/next.js'
Require stack:
- /Users/davidcapener/Cursor Apps/FootAsylumKSS/.next/server/webpack-runtime.js
- /Users/davidcapener/Cursor Apps/FootAsylumKSS/.next/server/app/_not-found/page.js
- /Users/davidcapener/Cursor Apps/FootAsylumKSS/node_modules/next/dist/server/require.js
- /Users/davidcapener/Cursor Apps/FootAsylumKSS/node_modules/next/dist/server/load-components.js
- /Users/davidcapener/Cursor Apps/FootAsylumKSS/node_modules/next/dist/build/utils.js
- /Users/davidcapener/Cursor Apps/FootAsylumKSS/node_modules/next/dist/server/dev/hot-middleware.js
- /Users/davidcapener/Cursor Apps/FootAsylumKSS/node_modules/next/dist/server/dev/hot-reloader-webpack.js
- /Users/davidcapener/Cursor Apps/FootAsylumKSS/node_modules/next/dist/server/lib/router-utils/setup-dev-bundler.js
- /Users/davidcapener/Cursor Apps/FootAsylumKSS/node_modules/next/dist/server/lib/router-server.js
- /Users/davidcapener/Cursor Apps/FootAsylumKSS/node_modules/next/dist/server/lib/start-server.js
    at Function.<anonymous> (node:internal/modules/cjs/loader:1249:15)
    at <unknown> (file:///Users/davidcapener/Cursor Apps/FootAsylumKSS/node_modules/next/dist/server/require-hook.js:55:36)
    at Function._load (node:internal/modules/cjs/loader:1075:27)
    at TracingChannel.traceSync (node:diagnostics_channel:315:14)
    at wrapModuleLoad (node:internal/modules/cjs/loader:218:24)
    at Module.<anonymous> (node:internal/modules/cjs/loader:1340:12)
    at mod.require (file:///Users/davidcapener/Cursor Apps/FootAsylumKSS/node_modules/next/dist/server/require-hook.js:65:28)
    at require (node:internal/modules/helpers:141:16)
    at __webpack_require__.f.require (file:///Users/davidcapener/Cursor Apps/FootAsylumKSS/.next/server/webpack-runtime.js:203:28)
    at <unknown> (file:///Users/davidcapener/Cursor Apps/FootAsylumKSS/.next/server/webpack-runtime.js:111:40)
    at Array.reduce (<anonymous>)
    at __webpack_require__.e (file:///Users/davidcapener/Cursor Apps/FootAsylumKSS/.next/server/webpack-runtime.js:110:67)
    at Array.map (<anonymous>)
    at __webpack_require__.X (file:///Users/davidcapener/Cursor Apps/FootAsylumKSS/.next/server/webpack-runtime.js:162:22)
    at <unknown> (file:///Users/davidcapener/Cursor Apps/FootAsylumKSS/.next/server/app/_not-found/page.js:149:47)
    at Object.<anonymous> (file:///Users/davidcapener/Cursor Apps/FootAsylumKSS/.next/server/app/_not-found/page.js:152:3)
    at Module._compile (node:internal/modules/cjs/loader:1546:14)
    at Object..js (node:internal/modules/cjs/loader:1689:10)
    at Module.load (node:internal/modules/cjs/loader:1318:32)
    at Function._load (node:internal/modules/cjs/loader:1128:12)
    at TracingChannel.traceSync (node:diagnostics_channel:315:14)
    at wrapModuleLoad (node:internal/modules/cjs/loader:218:24)
    at Module.<anonymous> (node:internal/modules/cjs/loader:1340:12)
    at mod.require (file:///Users/davidcapener/Cursor Apps/FootAsylumKSS/node_modules/next/dist/server/require-hook.js:65:28)
    at require (node:internal/modules/helpers:141:16)
    at requirePage (file:///Users/davidcapener/Cursor Apps/FootAsylumKSS/node_modules/next/dist/server/require.js:109:84)
    at <unknown> (file:///Users/davidcapener/Cursor Apps/FootAsylumKSS/node_modules/next/dist/server/load-components.js:103:84)
    at async loadComponentsImpl (file:///Users/davidcapener/Cursor Apps/FootAsylumKSS/node_modules/next/dist/server/load-components.js:103:26)
    at async DevServer.findPageComponentsImpl (file:///Users/davidcapener/Cursor Apps/FootAsylumKSS/node_modules/next/dist/server/next-server.js:714:36)
    at async DevServer.findPageComponents (file:///Users/davidcapener/Cursor Apps/FootAsylumKSS/node_modules/next/dist/server/dev/next-dev-server.js:577:20)
    at async DevServer.renderErrorToResponseImpl (file:///Users/davidcapener/Cursor Apps/FootAsylumKSS/node_modules/next/dist/server/base-server.js:2090:30)
    at async DevServer.pipeImpl (file:///Users/davidcapener/Cursor Apps/FootAsylumKSS/node_modules/next/dist/server/base-server.js:922:25)
    at async NextNodeServer.handleCatchallRenderRequest (file:///Users/davidcapener/Cursor Apps/FootAsylumKSS/node_modules/next/dist/server/next-server.js:231:21)
    at async DevServer.handleRequestImpl (file:///Users/davidcapener/Cursor Apps/FootAsylumKSS/node_modules/next/dist/server/base-server.js:818:17)
    at async (file:///Users/davidcapener/Cursor Apps/FootAsylumKSS/node_modules/next/dist/server/dev/next-dev-server.js:339:20)
    at async Span.traceAsyncFn (file:///Users/davidcapener/Cursor Apps/FootAsylumKSS/node_modules/next/dist/trace/trace.js:154:20)
    at async DevServer.handleRequest (file:///Users/davidcapener/Cursor Apps/FootAsylumKSS/node_modules/next/dist/server/dev/next-dev-server.js:336:24)
    at async invokeRender (file:///Users/davidcapener/Cursor Apps/FootAsylumKSS/node_modules/next/dist/server/lib/router-server.js:179:21)
    at async handleRequest (file:///Users/davidcapener/Cursor Apps/FootAsylumKSS/node_modules/next/dist/server/lib/router-server.js:359:24)
    at async requestHandlerImpl (file:///Users/davidcapener/Cursor Apps/FootAsylumKSS/node_modules/next/dist/server/lib/router-server.js:383:13)
    at async Server.requestListener (file:///Users/davidcapener/Cursor Apps/FootAsylumKSS/node_modules/next/dist/server/lib/start-server.js:141:13)
[  156150ms] [LOG] [HMR] connected @ webpack-internal:///./node_modules/next/dist/client/components/react-dev-overlay/pages/websocket.js:38
