[   21383ms] [ERROR] Failed to load resource: the server responded with a status of 500 (Internal Server Error) @ http://localhost:3002/_next/static/chunks/7620-71dd7f10d8abda27.js:0
[   21383ms] [ERROR] Failed to load resource: the server responded with a status of 500 (Internal Server Error) @ http://localhost:3002/_next/static/chunks/3989-12d0117db881ad43.js:0
[   21413ms] [ERROR] Failed to load resource: the server responded with a status of 500 (Internal Server Error) @ http://localhost:3002/_next/static/chunks/app/(protected)/actions/page-47f8bc1ea02269ce.js:0
[   21459ms] [ERROR] ChunkLoadError: Loading chunk 3989 failed.
(error: http://localhost:3002/_next/static/chunks/3989-12d0117db881ad43.js)
    at h.f.j (http://localhost:3002/_next/static/chunks/webpack-13a2b25fc7dff74d.js:1:4590)
    at http://localhost:3002/_next/static/chunks/webpack-13a2b25fc7dff74d.js:1:1433
    at Array.reduce (<anonymous>)
    at h.e (http://localhost:3002/_next/static/chunks/webpack-13a2b25fc7dff74d.js:1:1399)
    at http://localhost:3002/_next/static/chunks/2117-2e58375195683a8c.js:2:18940
    at http://localhost:3002/_next/static/chunks/2117-2e58375195683a8c.js:2:19142
    at t (http://localhost:3002/_next/static/chunks/2117-2e58375195683a8c.js:2:19345) @ http://localhost:3002/_next/static/chunks/2117-2e58375195683a8c.js:0
[   21463ms] Error: Minified React error #423; visit https://react.dev/errors/423 for the full message or use the non-minified dev environment for full errors and additional helpful warnings.
    at iZ (http://localhost:3002/_next/static/chunks/fd9d1056-cec092eedd6ffd7e.js:1:118352)
    at ia (http://localhost:3002/_next/static/chunks/fd9d1056-cec092eedd6ffd7e.js:1:95165)
    at http://localhost:3002/_next/static/chunks/fd9d1056-cec092eedd6ffd7e.js:1:94987
    at il (http://localhost:3002/_next/static/chunks/fd9d1056-cec092eedd6ffd7e.js:1:94994)
    at oJ (http://localhost:3002/_next/static/chunks/fd9d1056-cec092eedd6ffd7e.js:1:92350)
    at oZ (http://localhost:3002/_next/static/chunks/fd9d1056-cec092eedd6ffd7e.js:1:91769)
    at MessagePort.M (http://localhost:3002/_next/static/chunks/2117-2e58375195683a8c.js:1:85059)
